Case #1:
10000000000000000000000000000001 3 2 5 2 7 2 3 2 11
10100000000000000000000000000001 7 13 3 31 43 3 73 7 3
11100000000000000000000000000001 3 2 5 2 7 2 3 2 11
10110000000000000000000000000001 3 2 5 2 7 2 3 2 11
11110000000000000000000000000001 241 7 43 181 5 13 11 23 7
11001000000000000000000000000001 3 2 5 2 7 2 3 2 11
10011000000000000000000000000001 3 2 5 2 7 2 3 2 7
11011000000000000000000000000001 7 5 31477 97 5 347 5 7 131
10111000000000000000000000000001 5 11 11 11 5 5 31 11 29
11111000000000000000000000000001 3 2 3 2 7 2 3 2 3
10000100000000000000000000000001 7 13 3 11 43 3 73 7 3
10100100000000000000000000000001 3 2 5 2 7 2 3 2 11
11010100000000000000000000000001 3 23531 191 3 5 11 3 523 61
11110100000000000000000000000001 5 2 3 2 17 2 5 2 3
10001100000000000000000000000001 3 2 5 2 7 2 3 2 11
11101100000000000000000000000001 3 2 3 2 7 2 3 2 3
11011100000000000000000000000001 13 2 3 2 53 2 17 2 3
10111100000000000000000000000001 3 2 3 2 7 2 3 2 3
11000010000000000000000000000001 3 2 5 2 7 2 3 2 11
10010010000000000000000000000001 3 2 5 2 7 2 3 2 11
11110010000000000000000000000001 3 2 3 2 7 2 3 2 3
11001010000000000000000000000001 7 7 53 11 5 7949 11 7 7
11101010000000000000000000000001 5 2 3 2 37 2 5 2 3
11011010000000000000000000000001 3 2 3 2 7 2 3 2 3
10111010000000000000000000000001 17 2 3 2 19 2 11 2 3
10000110000000000000000000000001 3 2 5 2 7 2 3 2 11
11100110000000000000000000000001 3 2 3 2 7 2 3 2 3
11010110000000000000000000000001 5 2 3 2 37 2 5 2 3
10110110000000000000000000000001 3 2 3 2 7 2 3 2 3
10001110000000000000000000000001 13 373 113 7 5 53 139 31 23
11001110000000000000000000000001 3 2 3 2 7 2 3 2 3
10101110000000000000000000000001 5 2 3 2 37 2 5 2 3
11101110000000000000000000000001 127 7 43 1453 11 13 7 53 7
10011110000000000000000000000001 3 2 3 2 7 2 3 2 3
10111110000000000000000000000001 45139 1213 73 373 41411 17 7 2309 79
11111110000000000000000000000001 3 2 5 2 7 2 3 2 11
10100001000000000000000000000001 3 2 5 2 7 2 3 2 11
11110001000000000000000000000001 829 2 3 2 137 2 71 2 3
10001001000000000000000000000001 3 2 5 2 7 2 3 2 11
10101001000000000000000000000001 5 859 19 47 5 5 11 4507 19
11101001000000000000000000000001 3 2 3 2 7 2 3 2 3
10011001000000000000000000000001 7 11 11 11 5 173 13 7 41
11011001000000000000000000000001 19 2 3 2 41 2 2251 2 3
10111001000000000000000000000001 3 2 3 2 7 2 3 2 3
11100101000000000000000000000001 5 2 3 2 37 2 5 2 3
10110101000000000000000000000001 7 2 3 2 43 2 41 2 3
10001101000000000000000000000001 19 5 4013 811 5 137 5 47 17
11001101000000000000000000000001 283 2 3 2 13 2 61 2 3
10101101000000000000000000000001 3 2 3 2 7 2 3 2 3
10000011000000000000000000000001 3 2 5 2 7 2 3 2 11
11100011000000000000000000000001 3 2 3 2 7 2 3 2 3
11010011000000000000000000000001 11 2 3 2 19 2 31 2 3
10110011000000000000000000000001 3 2 3 2 7 2 3 2 3
11001011000000000000000000000001 3 2 3 2 7 2 3 2 3
10011011000000000000000000000001 3 2 3 2 7 2 3 2 3
11011011000000000000000000000001 5 13 353 7 181 5 7 79 277
11111011000000000000000000000001 3 2 5 2 7 2 3 2 11
11000111000000000000000000000001 5 2 3 2 37 2 5 2 3
10100111000000000000000000000001 3 2 3 2 7 2 3 2 3
11110111000000000000000000000001 23 2 8971 2 251 2 67 2 13
10001111000000000000000000000001 3 2 3 2 7 2 3 2 3
11101111000000000000000000000001 3 2 5 2 7 2 3 2 11
11011111000000000000000000000001 7 2 37 2 11 2 23 2 7
10111111000000000000000000000001 3 2 5 2 7 2 3 2 11
10000000100000000000000000000001 7 5 3 31 23 3 5 7 3
11000000100000000000000000000001 3 2 5 2 7 2 3 2 11
10100000100000000000000000000001 17 2 229 2 109 2 11 2 7
10010000100000000000000000000001 3 2 5 2 7 2 3 2 11
11110000100000000000000000000001 3 2 3 2 7 2 3 2 3
11001000100000000000000000000001 13 73 29 43 5 13 37 37 9901
10101000100000000000000000000001 3 5 11 3 5 2801 3 11 41
11011000100000000000000000000001 3 2 3 2 7 2 3 2 3
10111000100000000000000000000001 7 2 3 2 43 2 73 2 3
11111000100000000000000000000001 41 5 7393 7 739 79 5 3739 61
10000100100000000000000000000001 3 2 5 2 7 2 3 2 11
11100100100000000000000000000001 3 2 3 2 7 2 3 2 3
11010100100000000000000000000001 7 2 3 2 43 2 73 2 3
10110100100000000000000000000001 3 2 3 2 7 2 3 2 3
11110100100000000000000000000001 89 7 1523 47 13 439 7 179 7
11001100100000000000000000000001 3 2 3 2 7 2 3 2 3
10101100100000000000000000000001 11 2 3 2 13 2 29 2 3
10011100100000000000000000000001 3 2 3 2 7 2 3 2 3
11111100100000000000000000000001 3 2 5 2 7 2 3 2 11
10000010100000000000000000000001 347 2 11149 2 19 2 5099 2 127
11100010100000000000000000000001 5 2 3 2 13 2 5 2 3
11010010100000000000000000000001 3 2 3 2 7 2 3 2 3
10001010100000000000000000000001 3 5 73 3 5 1429 3 239 797
11001010100000000000000000000001 503 2 3 2 11 2 53 2 3
10101010100000000000000000000001 7 2 3 2 43 2 43 2 3
11111010100000000000000000000001 1523 2 11 2 103 2 23 2 7
11000110100000000000000000000001 3 2 3 2 7 2 3 2 3
10100110100000000000000000000001 5 2 3 2 37 2 5 2 3
10010110100000000000000000000001 3 2 3 2 7 2 3 2 3
11010110100000000000000000000001 37 941 37 7 163 17 7 2087 32359
11110110100000000000000000000001 3 2 5 2 7 2 3 2 11
10001110100000000000000000000001 7 2 3 2 43 2 73 2 3
11101110100000000000000000000001 11 2 29 2 17 2 113 2 151
11011110100000000000000000000001 3 2 5 2 7 2 3 2 11
11111110100000000000000000000001 7 13 3 11 11 3 73 7 3
10000001100000000000000000000001 3 2 5 2 7 2 3 2 11
11100001100000000000000000000001 3 2 3 2 7 2 3 2 3
10010001100000000000000000000001 6793 7 1489 53 5 11 13 337 7
10110001100000000000000000000001 3 2 3 2 7 2 3 2 3
11110001100000000000000000000001 5 157 43633 11 23 5 7 17 47
10001001100000000000000000000001 31 11 11 11 5 223 17 11 41
11001001100000000000000000000001 3 2 3 2 7 2 3 2 3
10101001100000000000000000000001 19 2 3 2 11 2 233 2 3
10011001100000000000000000000001 3 2 3 2 7 2 3 2 3
11111001100000000000000000000001 3 2 5 2 7 2 3 2 11
10000101100000000000000000000001 137 5 499 7 5 1949 5 227 29
10100101100000000000000000000001 3 2 3 2 7 2 3 2 3
10010101100000000000000000000001 7 2 3 2 13 2 73 2 3
11010101100000000000000000000001 3 5 83 3 11 277 3 23 523
10001101100000000000000000000001 3 2 3 2 7 2 3 2 3
11101101100000000000000000000001 3 2 5 2 7 2 3 2 11
10111101100000000000000000000001 3 2 5 2 7 2 3 2 11
11000011100000000000000000000001 3 2 3 2 7 2 3 2 3
10100011100000000000000000000001 7 2 3 2 43 2 73 2 3
10010011100000000000000000000001 3 2 3 2 7 2 3 2 3
11010011100000000000000000000001 5 31 2897 1063 167 5 7 1193 41
11110011100000000000000000000001 3 2 5 2 7 2 3 2 11
11011011100000000000000000000001 3 2 5 2 7 2 3 2 11
10000111100000000000000000000001 3 2 3 2 7 2 3 2 3
11100111100000000000000000000001 3 2 5 2 7 2 3 2 7
10110111100000000000000000000001 3 2 5 2 7 2 3 2 11
11110111100000000000000000000001 7 13 3 19 19 3 73 7 3
11001111100000000000000000000001 3 2 5 2 7 2 3 2 11
10011111100000000000000000000001 3 2 5 2 7 2 3 2 11
10111111100000000000000000000001 5 13 3 31 43 3 73 7 3
11111111100000000000000000000001 3 2 5 2 5 2 3 2 11
10100000010000000000000000000001 3 2 5 2 7 2 3 2 11
11100000010000000000000000000001 17 7 191 23 5 11 2837 709 7
10110000010000000000000000000001 31 11 11 11 5 17 31 11 41
11110000010000000000000000000001 5 2 3 2 37 2 5 2 3
10001000010000000000000000000001 3 2 5 2 7 2 3 2 7
11101000010000000000000000000001 3 2 3 2 7 2 3 2 3
10111000010000000000000000000001 3 2 3 2 7 2 3 2 3
11100100010000000000000000000001 7 2 3 2 43 2 73 2 3
10010100010000000000000000000001 3 7 13 3 5 43 3 73 7
11010100010000000000000000000001 19 2 3 2 19 2 97 2 3
10110100010000000000000000000001 5 2 3 2 37 2 5 2 3
10101100010000000000000000000001 3 2 3 2 7 2 3 2 3
11101100010000000000000000000001 13 5 59 19 17 1451 5 11 19
10011100010000000000000000000001 17 2 3 2 13 2 17 2 3
11011100010000000000000000000001 3 7 13 3 31 5 3 73 7
10000010010000000000000000000001 3 2 5 2 7 2 3 2 11
11100010010000000000000000000001 3 2 3 2 7 2 3 2 3
11010010010000000000000000000001 5 2 3 2 13 2 5 2 3
10110010010000000000000000000001 3 2 3 2 7 2 3 2 3
11001010010000000000000000000001 3 2 3 2 7 2 3 2 3
10101010010000000000000000000001 5 2 3 2 37 2 5 2 3
10011010010000000000000000000001 3 2 3 2 7 2 3 2 3
11111010010000000000000000000001 3 2 5 2 7 2 3 2 11
10100110010000000000000000000001 3 2 3 2 7 2 3 2 3
10010110010000000000000000000001 5 2 3 2 17 2 5 2 3
11110110010000000000000000000001 47 2 19 2 1997 2 11 2 31
10001110010000000000000000000001 3 2 3 2 7 2 3 2 3
10101110010000000000000000000001 19 97 113 101 23369 23 7 11 103
11101110010000000000000000000001 3 2 5 2 7 2 3 2 11
10111110010000000000000000000001 3 2 5 2 7 2 3 2 7
11100001010000000000000000000001 5 2 3 2 11 2 5 2 3
10010001010000000000000000000001 3 11 7 3 5 5 3 11 17
10110001010000000000000000000001 823 2 3 2 17 2 827 2 3
11001001010000000000000000000001 61 2 3 2 1601 2 1811 2 3
10101001010000000000000000000001 3 2 3 2 7 2 3 2 3
11011001010000000000000000000001 3 5 15149 3 59 37 3 29 223
11000101010000000000000000000001 11 2 3 2 5039 2 67 2 3
10100101010000000000000000000001 5 2 3 2 37 2 5 2 3
11110101010000000000000000000001 5 2 17 2 37 2 5 2 7
11001101010000000000000000000001 3 31 7 3 11 5 3 11 17
10011101010000000000000000000001 3 5 13 3 31 43 3 53 7
11011101010000000000000000000001 7 2 59 2 13 2 11 2 61
11000011010000000000000000000001 5 2 3 2 37 2 5 2 3
10100011010000000000000000000001 3 2 3 2 7 2 3 2 3
10001011010000000000000000000001 3 2 3 2 7 2 3 2 3
11101011010000000000000000000001 3 2 5 2 7 2 3 2 11
10111011010000000000000000000001 3 2 5 2 7 2 3 2 11
10000111010000000000000000000001 5 2 3 2 29 2 5 2 3
11000111010000000000000000000001 3 11 419 3 859 17 3 17 30169
11100111010000000000000000000001 19 2 11 2 23 2 53 2 13
11010111010000000000000000000001 5 2 7 2 37 2 5 2 17
11110111010000000000000000000001 3 23 3 3 13 3 3 937 3
10101111010000000000000000000001 3 2 5 2 7 2 3 2 11
11111111010000000000000000000001 5 2 17 2 5 2 5 2 101
10000000110000000000000000000001 3 2 5 2 7 2 3 2 11
10100000110000000000000000000001 23 11 11 7 5 67 31 11 23
11100000110000000000000000000001 3 2 3 2 7 2 3 2 3
10010000110000000000000000000001 1877 5 43 41 5 7207 5 19 499
10110000110000000000000000000001 3 2 3 2 7 2 3 2 3
10001000110000000000000000000001 11 5443 173 1697 5 31 107 181 18691
11001000110000000000000000000001 3 2 3 2 7 2 3 2 3
10101000110000000000000000000001 7 2 3 2 43 2 11 2 3
10011000110000000000000000000001 3 2 3 2 7 2 3 2 3
11011000110000000000000000000001 13 11 73 89 13 13 7 6481 17
11111000110000000000000000000001 3 2 5 2 7 2 3 2 11
11000100110000000000000000000001 7 2 3 2 43 2 73 2 3
10100100110000000000000000000001 3 2 3 2 7 2 3 2 3
10001100110000000000000000000001 3 2 3 2 7 2 3 2 3
11101100110000000000000000000001 3 2 5 2 7 2 3 2 11
11011100110000000000000000000001 163 2 53 2 17 2 5 2 229
10111100110000000000000000000001 3 2 5 2 7 2 3 2 11
11111100110000000000000000000001 5 13 3 31 43 3 73 7 3
11000010110000000000000000000001 3 2 3 2 7 2 3 2 3
10100010110000000000000000000001 5 2 3 2 37 2 5 2 3
10010010110000000000000000000001 3 2 3 2 7 2 3 2 3
11110010110000000000000000000001 3 2 5 2 7 2 3 2 11
10001010110000000000000000000001 13 2 3 2 139 2 373 2 3
11001010110000000000000000000001 5 23 211 263 17 5 7 79 8293
11011010110000000000000000000001 3 2 5 2 7 2 3 2 11
10000110110000000000000000000001 3 2 3 2 7 2 3 2 3
11000110110000000000000000000001 17 5 283 7 11 113 5 19 2689
11100110110000000000000000000001 3 2 5 2 7 2 3 2 11
10110110110000000000000000000001 3 2 5 2 7 2 3 2 11
11110110110000000000000000000001 11 7 3 11 59 3 17 31 3
10001110110000000000000000000001 5 37 43 11 109 5 7 47 239
11001110110000000000000000000001 3 2 5 2 7 2 3 2 11
11101110110000000000000000000001 7 5 3 31 43 3 5 7 3
10011110110000000000000000000001 3 2 5 2 7 2 3 2 7
11111110110000000000000000000001 3 2 5 2 5 2 3 2 11
10000001110000000000000000000001 31 5 11 11 5 1277 5 11 7
11000001110000000000000000000001 67 2 3 2 17 2 97 2 3
10100001110000000000000000000001 3 2 3 2 7 2 3 2 3
10010001110000000000000000000001 19 2 3 2 61 2 11 2 3
10001001110000000000000000000001 3 2 3 2 7 2 3 2 3
11001001110000000000000000000001 83 7 7 409 29 61 7 23 7
11101001110000000000000000000001 3 2 5 2 7 2 3 2 11
10111001110000000000000000000001 3 2 5 2 7 2 3 2 11
11111001110000000000000000000001 17 5 3 1889 3593 3 5 419 3
10000101110000000000000000000001 7 2 3 2 43 2 73 2 3
10110101110000000000000000000001 17 2 421 2 13417 2 47 2 397
11110101110000000000000000000001 3 13 3 3 43 3 3 7 3
10101101110000000000000000000001 3 2 5 2 7 2 3 2 11
10111101110000000000000000000001 7 5 3 23 17 3 5 7 3
11111101110000000000000000000001 31 2 11 2 5 2 31 2 41
10000011110000000000000000000001 3 2 3 2 7 2 3 2 3
11100011110000000000000000000001 3 2 5 2 7 2 3 2 11
10110011110000000000000000000001 3 2 5 2 7 2 3 2 11
11001011110000000000000000000001 3 2 5 2 7 2 3 2 11
10011011110000000000000000000001 3 2 5 2 7 2 3 2 11
11111011110000000000000000000001 3 2 5 2 5 2 3 2 11
10100111110000000000000000000001 3 2 5 2 7 2 3 2 11
11100111110000000000000000000001 7 13 3 31 11 3 73 7 3
11110111110000000000000000000001 5 2 13 2 5 2 5 2 43
10001111110000000000000000000001 3 2 5 2 7 2 3 2 11
10101111110000000000000000000001 7 13 3 31 43 3 17 7 3
11101111110000000000000000000001 3 2 5 2 5 2 3 2 11
11011111110000000000000000000001 37 2 3301 2 5 2 523 2 1063
10111111110000000000000000000001 3 2 5 2 5 2 3 2 11
11000000001000000000000000000001 3 2 5 2 7 2 3 2 11
10010000001000000000000000000001 3 2 5 2 7 2 3 2 7
11110000001000000000000000000001 3 2 3 2 7 2 3 2 3
10101000001000000000000000000001 3 7 13 3 5 29 3 17 7
11101000001000000000000000000001 5 2 3 2 37 2 5 2 3
11011000001000000000000000000001 3 2 3 2 7 2 3 2 3
11111000001000000000000000000001 11 47 7 37 41 13 7 313 23
10000100001000000000000000000001 3 2 5 2 7 2 3 2 11
11100100001000000000000000000001 3 2 3 2 7 2 3 2 3
10010100001000000000000000000001 19 491 11 19 5 131 383 29 17
11010100001000000000000000000001 5 2 3 2 37 2 5 2 3
10110100001000000000000000000001 3 2 3 2 7 2 3 2 3
11001100001000000000000000000001 3 2 3 2 7 2 3 2 3
10101100001000000000000000000001 5 2 3 2 37 2 5 2 3
10011100001000000000000000000001 3 2 3 2 7 2 3 2 3
11111100001000000000000000000001 3 2 5 2 7 2 3 2 7
10100010001000000000000000000001 3 71 23 3 5 5 3 101 2087
11100010001000000000000000000001 11 2 3 2 4813 2 14891 2 3
11010010001000000000000000000001 3 2 3 2 7 2 3 2 3
10001010001000000000000000000001 3 167 1229 3 5 47 3 7 61
11001010001000000000000000000001 5 2 3 2 13 2 5 2 3
10011010001000000000000000000001 17 2 3 2 103 2 17 2 3
10111010001000000000000000000001 3 5 13 3 31 43 3 73 7
11000110001000000000000000000001 3 2 3 2 7 2 3 2 3
10100110001000000000000000000001 7 2 3 2 43 2 73 2 3
10010110001000000000000000000001 3 2 3 2 7 2 3 2 3
11110110001000000000000000000001 3 2 5 2 7 2 3 2 11
10001110001000000000000000000001 5 2 3 2 19 2 5 2 3
10011110001000000000000000000001 47 1453 113 43 131 11 7 1237 173
11011110001000000000000000000001 3 2 5 2 7 2 3 2 11
10000001001000000000000000000001 3 2 5 2 7 2 3 2 11
11100001001000000000000000000001 3 2 3 2 7 2 3 2 3
10110001001000000000000000000001 3 2 3 2 7 2 3 2 3
11110001001000000000000000000001 13 5 7 23 101 229 5 11 7
11001001001000000000000000000001 3 2 3 2 7 2 3 2 3
10101001001000000000000000000001 16567 2 3 2 2053 2 9719 2 3
11101001001000000000000000000001 41 53 293 11 11 11 7 19 19
10011001001000000000000000000001 3 2 3 2 7 2 3 2 3
11011001001000000000000000000001 5 18443 22273 17 5953 5 7 2143 151
11111001001000000000000000000001 3 2 5 2 7 2 3 2 11
11000101001000000000000000000001 5 2 3 2 17 2 5 2 3
10100101001000000000000000000001 3 2 3 2 7 2 3 2 3
10010101001000000000000000000001 11 2 3 2 719 2 23 2 3
10001101001000000000000000000001 3 2 3 2 7 2 3 2 3
11101101001000000000000000000001 3 2 5 2 7 2 3 2 11
10111101001000000000000000000001 3 2 5 2 7 2 3 2 7
10000011001000000000000000000001 7 5 1217 43 5 107 5 7 7
11000011001000000000000000000001 3 2 3 2 7 2 3 2 3
11100011001000000000000000000001 5 7753 7 17 83 5 7 367 13
10010011001000000000000000000001 3 2 3 2 7 2 3 2 3
11110011001000000000000000000001 3 2 5 2 7 2 3 2 11
11101011001000000000000000000001 16319 2 11 2 19 2 23 2 7487
11011011001000000000000000000001 3 2 5 2 7 2 3 2 11
10111011001000000000000000000001 5 2 149 2 13 2 251 2 71
10000111001000000000000000000001 3 2 3 2 7 2 3 2 3
10100111001000000000000000000001 5 7 29 79 577 5 7 97 7
11100111001000000000000000000001 3 2 5 2 7 2 3 2 11
10110111001000000000000000000001 3 2 5 2 7 2 3 2 11
11001111001000000000000000000001 3 2 5 2 7 2 3 2 11
11101111001000000000000000000001 17 7 3 103 13 3 11 11 3
10011111001000000000000000000001 3 2 5 2 7 2 3 2 11
11111111001000000000000000000001 3 2 5 2 5 2 3 2 11
11100000101000000000000000000001 5 2 3 2 37 2 5 2 3
10010000101000000000000000000001 5 23 19 43 5 5 251 16699 19
11010000101000000000000000000001 3 2 3 2 7 2 3 2 3
10110000101000000000000000000001 7 2 3 2 43 2 23 2 3
10001000101000000000000000000001 3 5 13 3 5 43 3 37 7
10111000101000000000000000000001 3 883 23 3 3719 5 3 1637 17
11000100101000000000000000000001 3 2 3 2 7 2 3 2 3
10100100101000000000000000000001 5 2 3 2 37 2 5 2 3
10010100101000000000000000000001 3 2 3 2 7 2 3 2 3
11110100101000000000000000000001 3 2 5 2 7 2 3 2 11
10001100101000000000000000000001 23 2 3 2 11 2 43 2 3
10101100101000000000000000000001 3 7 13 3 31 17 3 73 7
11011100101000000000000000000001 3 2 5 2 7 2 3 2 7
10000010101000000000000000000001 3 281 1063 3 5 1601 3 23 233
11000010101000000000000000000001 5 2 3 2 37 2 5 2 3
10100010101000000000000000000001 7 2 3 2 43 2 73 2 3
10010010101000000000000000000001 577 2 3 2 13 2 131 2 3
10110010101000000000000000000001 3 5 29 3 277 11 3 349 23
10101010101000000000000000000001 83 797 5 19793 17 479 7 5 19
11101010101000000000000000000001 5 2 17 2 13 2 5 2 101
10011010101000000000000000000001 3 7 11 3 31 5 3 73 7
11111010101000000000000000000001 3 19 3 3 19 3 3 599 3
10000110101000000000000000000001 5 2 3 2 17 2 5 2 3
10010110101000000000000000000001 43 67 97 347 3041 29147 7 17 1283
11010110101000000000000000000001 3 2 5 2 7 2 3 2 11
11110110101000000000000000000001 7 13 3 31 43 3 73 7 3
10001110101000000000000000000001 3 3011 8329 3 23 13 3 149 71
10101110101000000000000000000001 5 2 17 2 37 2 5 2 29
11101110101000000000000000000001 3 227 3 3 29 3 3 379 3
10111110101000000000000000000001 3 7 3 3 31 3 3 7 3
11111110101000000000000000000001 5 2 17 2 5 2 5 2 17
11000001101000000000000000000001 3 2 3 2 7 2 3 2 3
10100001101000000000000000000001 29 2 3 2 17 2 37 2 3
10010001101000000000000000000001 3 2 3 2 7 2 3 2 3
11010001101000000000000000000001 5 7 7 2239 79 5 7 17 7
11110001101000000000000000000001 3 2 5 2 7 2 3 2 11
10101001101000000000000000000001 3 4603 20521 3 41659 5 3 7 18959
11101001101000000000000000000001 19 2 23 2 241 2 5879 2 7
11011001101000000000000000000001 3 2 5 2 7 2 3 2 11
11111001101000000000000000000001 5 41 3 7 11 3 27509 443 3
10000101101000000000000000000001 3 2 3 2 7 2 3 2 3
10100101101000000000000000000001 11 97 31 5237 71 13 7 29537 59
11100101101000000000000000000001 3 2 5 2 7 2 3 2 11
10110101101000000000000000000001 3 2 5 2 7 2 3 2 11
11001101101000000000000000000001 3 2 5 2 7 2 3 2 11
11101101101000000000000000000001 37 11 3 34471 12379 3 59 151 3
10011101101000000000000000000001 3 2 5 2 7 2 3 2 7
11111101101000000000000000000001 3 2 5 2 5 2 3 2 11
10010011101000000000000000000001 311 11 151 617 53 17 7 29 23531
11010011101000000000000000000001 3 2 5 2 7 2 3 2 11
10110011101000000000000000000001 5 2 227 2 67 2 32569 2 7
11110011101000000000000000000001 743 5 3 383 1433 3 5 17 3
10000111101000000000000000000001 8963 7 1747 11621 11 151 7 191 7
11000111101000000000000000000001 3 2 5 2 7 2 3 2 11
11100111101000000000000000000001 11 29 3 2141 4153 3 29 1451 3
10010111101000000000000000000001 3 2 5 2 7 2 3 2 11
10110111101000000000000000000001 7 5 3 19 13 3 5 7 3
11110111101000000000000000000001 3 2 5 2 5 2 3 2 11
10001111101000000000000000000001 11 2 19 2 41 2 233 2 167
11101111101000000000000000000001 5 2 17 2 5 2 5 2 101
11011111101000000000000000000001 3 2 5 2 5 2 3 2 11
11111111101000000000000000000001 23 23 11 17 23 67 11 23 21649
10000000011000000000000000000001 3 2 5 2 7 2 3 2 7
11000000011000000000000000000001 7 53 43 19 5 17 421 7 109
11100000011000000000000000000001 3 2 3 2 7 2 3 2 3
11010000011000000000000000000001 5 2 3 2 37 2 5 2 3
10110000011000000000000000000001 3 2 3 2 7 2 3 2 3
10001000011000000000000000000001 7 17 97 83 5 29 28387 7 263
11001000011000000000000000000001 3 2 3 2 7 2 3 2 3
10101000011000000000000000000001 5 2 3 2 17 2 5 2 3
10011000011000000000000000000001 3 2 3 2 7 2 3 2 3
11111000011000000000000000000001 3 2 5 2 7 2 3 2 11
11000100011000000000000000000001 313 2 3 2 11 2 107 2 3
10100100011000000000000000000001 3 2 3 2 7 2 3 2 3
10010100011000000000000000000001 5 2 3 2 19 2 5 2 3
11010100011000000000000000000001 3 7 13 3 31 43 3 73 7
10001100011000000000000000000001 3 2 3 2 7 2 3 2 3
11101100011000000000000000000001 3 2 5 2 7 2 3 2 7
10011100011000000000000000000001 53 11 197 37 11 541 7 31 19
11011100011000000000000000000001 7 2 11 2 107 2 101 2 71
10111100011000000000000000000001 3 2 5 2 7 2 3 2 11
11111100011000000000000000000001 67 37 3 23 53 3 11 89 3
11000010011000000000000000000001 3 2 3 2 7 2 3 2 3
10010010011000000000000000000001 3 2 3 2 7 2 3 2 3
11110010011000000000000000000001 3 2 5 2 7 2 3 2 11
10001010011000000000000000000001 5 2 3 2 37 2 5 2 3
10101010011000000000000000000001 3 7 13 3 31 11 3 11 7
11011010011000000000000000000001 3 2 5 2 7 2 3 2 7
10000110011000000000000000000001 3 2 3 2 7 2 3 2 3
11100110011000000000000000000001 3 2 5 2 7 2 3 2 11
10110110011000000000000000000001 3 2 5 2 7 2 3 2 7
11001110011000000000000000000001 3 2 5 2 7 2 3 2 11
10011110011000000000000000000001 3 2 5 2 7 2 3 2 11
11111110011000000000000000000001 3 2 5 2 5 2 3 2 7
11000001011000000000000000000001 5 2 3 2 37 2 5 2 3
10100001011000000000000000000001 3 2 3 2 7 2 3 2 3
10010001011000000000000000000001 79 2 3 2 191 2 37 2 3
10110001011000000000000000000001 16889 5 19 311 41 2113 5 1129 17
10001001011000000000000000000001 3 2 3 2 7 2 3 2 3
11101001011000000000000000000001 3 2 5 2 7 2 3 2 11
10111001011000000000000000000001 3 2 5 2 7 2 3 2 11
10000101011000000000000000000001 5 2 3 2 37 2 5 2 3
11100101011000000000000000000001 191 2 1373 2 11 2 761 2 43
10010101011000000000000000000001 3 7 13 3 31 13 3 19 7
11010101011000000000000000000001 5 2 17 2 37 2 5 2 19
10110101011000000000000000000001 19 2 11 2 13 2 17 2 59
11110101011000000000000000000001 3 11 3 3 47 3 3 103 3
10101101011000000000000000000001 3 2 5 2 7 2 3 2 7
11011101011000000000000000000001 3 7 3 3 19 3 3 73 3
11111101011000000000000000000001 5 2 7 2 5 2 5 2 101
10000011011000000000000000000001 3 2 3 2 7 2 3 2 3
10100011011000000000000000000001 5 31 2111 11 13 5 7 113 139
11100011011000000000000000000001 3 2 5 2 7 2 3 2 11
10110011011000000000000000000001 3 2 5 2 7 2 3 2 11
11110011011000000000000000000001 5 7 3 73 659 3 409 467 3
11001011011000000000000000000001 3 2 5 2 7 2 3 2 11
11101011011000000000000000000001 571 19 3 23 53 3 31 29 3
10011011011000000000000000000001 3 2 5 2 7 2 3 2 7
10111011011000000000000000000001 197 5 3 139 421 3 5 269 3
11111011011000000000000000000001 3 2 5 2 5 2 3 2 11
11000111011000000000000000000001 7 2 1039 2 139 2 11 2 7
10100111011000000000000000000001 3 2 5 2 7 2 3 2 11
11100111011000000000000000000001 13 5 3 7 19 3 5 11 3
11010111011000000000000000000001 3 35573 3 3 59 3 3 43 3
11110111011000000000000000000001 43 2 53 2 5 2 23 2 17
10001111011000000000000000000001 3 2 5 2 7 2 3 2 11
11101111011000000000000000000001 3 2 5 2 5 2 3 2 11
11011111011000000000000000000001 5 2 17 2 5 2 5 2 101
10111111011000000000000000000001 3 2 5 2 5 2 3 2 7
10000000111000000000000000000001 73 12601 43 17 5 11 131 17 487
11000000111000000000000000000001 3 2 3 2 7 2 3 2 3
10100000111000000000000000000001 5 2 3 2 19 2 5 2 3
10010000111000000000000000000001 3 2 3 2 7 2 3 2 3
11110000111000000000000000000001 3 2 5 2 7 2 3 2 11
11011000111000000000000000000001 3 2 5 2 7 2 3 2 11
10111000111000000000000000000001 11 2 857 2 1229 2 199 2 19
10000100111000000000000000000001 3 2 3 2 7 2 3 2 3
11100100111000000000000000000001 3 2 5 2 7 2 3 2 11
11010100111000000000000000000001 367 2 18719 2 11 2 1361 2 41
10110100111000000000000000000001 3 2 5 2 7 2 3 2 11
11110100111000000000000000000001 7 13 3 31 23 3 73 7 3
10001100111000000000000000000001 5 11 44111 7673 19 5 7 67 83
11001100111000000000000000000001 3 2 5 2 7 2 3 2 7
10101100111000000000000000000001 13 2 11353 2 1511 2 11 2 71
11101100111000000000000000000001 449 5 3 271 16519 3 5 26053 3
10011100111000000000000000000001 3 2 5 2 7 2 3 2 11
10111100111000000000000000000001 7 13 3 31 43 3 73 7 3
11111100111000000000000000000001 3 2 5 2 5 2 3 2 11
10000010111000000000000000000001 5 2 3 2 11 2 5 2 3
11010010111000000000000000000001 3 2 5 2 7 2 3 2 11
10001010111000000000000000000001 3 7 13 3 31 43 3 73 7
11001010111000000000000000000001 7 2 19 2 19 2 45533 2 17
10101010111000000000000000000001 5 2 17 2 37 2 5 2 101
11101010111000000000000000000001 3 233 3 3 11 3 3 457 3
10111010111000000000000000000001 3 13693 3 3 3371 3 3 1601 3
11111010111000000000000000000001 5 2 17 2 5 2 5 2 43
11000110111000000000000000000001 3 2 5 2 7 2 3 2 11
10100110111000000000000000000001 17 2 14737 2 149 2 67 2 151
11100110111000000000000000000001 5 13 3 29 43 3 23 7 3
10010110111000000000000000000001 3 2 5 2 7 2 3 2 7
11010110111000000000000000000001 1481 23 3 173 13 3 17 23 3
11110110111000000000000000000001 3 2 5 2 5 2 3 2 11
10101110111000000000000000000001 3 7 3 3 31 3 3 7 3
11101110111000000000000000000001 9901 2 1607 2 5 2 11 2 2767
11011110111000000000000000000001 3 2 5 2 5 2 3 2 7
10111110111000000000000000000001 5 2 17 2 5 2 5 2 101
10000001111000000000000000000001 3 2 3 2 7 2 3 2 3
11100001111000000000000000000001 3 2 5 2 7 2 3 2 11
10010001111000000000000000000001 5 43 11257 29 19 5 7 17 113
11010001111000000000000000000001 7 2 67 2 829 2 29 2 421
10110001111000000000000000000001 3 2 5 2 7 2 3 2 11
11110001111000000000000000000001 19423 149 3 1667 13 3 23 547 3
11001001111000000000000000000001 3 2 5 2 7 2 3 2 11
10011001111000000000000000000001 3 2 5 2 7 2 3 2 11
11011001111000000000000000000001 11 5 3 4649 29 3 5 47 3
11111001111000000000000000000001 3 2 5 2 5 2 3 2 11
10000101111000000000000000000001 13 359 29 4987 13 23 7 9511 17
10100101111000000000000000000001 3 2 5 2 7 2 3 2 11
11100101111000000000000000000001 1657 7 3 883 229 3 37 19 3
10110101111000000000000000000001 7 13 3 31 43 3 61 7 3
11110101111000000000000000000001 5 2 17 2 5 2 5 2 101
10001101111000000000000000000001 3 2 5 2 7 2 3 2 7
11101101111000000000000000000001 3 2 5 2 5 2 3 2 11
10111101111000000000000000000001 3 2 5 2 5 2 3 2 11
11000011111000000000000000000001 3 2 5 2 7 2 3 2 11
10100011111000000000000000000001 271 2 19 2 11 2 53 2 7
10010011111000000000000000000001 3 2 5 2 7 2 3 2 11
11110011111000000000000000000001 3 2 5 2 5 2 3 2 11
10101011111000000000000000000001 3 101 3 3 1997 3 3 19 3
11101011111000000000000000000001 5 2 7 2 5 2 5 2 7
